Request completed at Wed Apr  9 17:53:45 UTC 2025
Request completed at Wed Apr  9 17:55:09 UTC 2025
Request completed at Wed Apr  9 18:02:54 UTC 2025
Request completed at Wed Apr  9 18:10:46 UTC 2025
Request completed at Wed Apr  9 18:10:46 UTC 2025
Request completed at Wed Apr  9 18:23:24 UTC 2025
Request completed at Wed Apr  9 18:23:24 UTC 2025
Request completed at Wed Apr  9 18:38:25 UTC 2025
Request completed at Wed Apr  9 18:38:25 UTC 2025
Request completed at Wed Apr  9 18:38:26 UTC 2025
Request completed at Wed Apr  9 18:49:30 UTC 2025
Request completed at Wed Apr  9 18:59:14 UTC 2025
Request completed at Wed Apr  9 18:59:14 UTC 2025
Request completed at Wed Apr  9 19:01:57 UTC 2025
Request completed at Wed Apr  9 19:01:57 UTC 2025
Request completed at Wed Apr  9 19:01:57 UTC 2025
Request completed at Wed Apr  9 19:04:00 UTC 2025
Request completed at Wed Apr  9 19:04:00 UTC 2025
Request completed at Wed Apr  9 19:04:00 UTC 2025
Request completed at Wed Apr  9 19:04:00 UTC 2025
Request completed at Wed Apr  9 19:04:00 UTC 2025
Request completed at Wed Apr  9 19:06:41 UTC 2025
Request completed at Wed Apr  9 19:06:42 UTC 2025
Request completed at Wed Apr  9 19:06:42 UTC 2025
Request completed at Wed Apr  9 19:06:42 UTC 2025
Request completed at Wed Apr  9 19:06:42 UTC 2025
Request completed at Wed Apr  9 19:20:48 UTC 2025
Request completed at Wed Apr  9 19:20:48 UTC 2025
Request completed at Wed Apr  9 19:20:49 UTC 2025
Request completed at Wed Apr  9 19:20:49 UTC 2025
Request completed at Wed Apr  9 19:20:49 UTC 2025
Request completed at Wed Apr  9 19:20:49 UTC 2025
Request completed at Wed Apr  9 19:20:49 UTC 2025
Request completed at Wed Apr  9 19:20:49 UTC 2025
Request completed at Wed Apr  9 19:20:50 UTC 2025
Request completed at Wed Apr  9 19:27:44 UTC 2025
Request completed at Wed Apr  9 19:27:44 UTC 2025
Request completed at Wed Apr  9 19:27:45 UTC 2025
Request completed at Wed Apr  9 19:27:45 UTC 2025
Request completed at Wed Apr  9 19:27:45 UTC 2025
Request completed at Wed Apr  9 19:27:45 UTC 2025
Request completed at Wed Apr  9 19:27:45 UTC 2025
Request completed at Wed Apr  9 19:27:45 UTC 2025
Request completed at Wed Apr  9 19:27:46 UTC 2025
Request completed at Wed Apr  9 19:27:46 UTC 2025
Request completed at Wed Apr  9 19:27:46 UTC 2025
Request completed at Thu Apr 10 06:19:28 UTC 2025
Request completed at Thu Apr 10 06:19:28 UTC 2025
Request completed at Thu Apr 10 06:25:23 UTC 2025
Request completed at Thu Apr 10 06:25:23 UTC 2025
Request completed at Thu Apr 10 06:25:23 UTC 2025
Request completed at Thu Apr 10 06:25:23 UTC 2025
OAuth2 provider creation request completed at Thu Apr 10 06:37:03 UTC 2025
OAuth2 provider creation request completed at Thu Apr 10 06:42:19 UTC 2025
OAuth2 provider update request completed at Thu Apr 10 06:42:19 UTC 2025
OAuth2 provider creation request completed at Thu Apr 10 06:45:19 UTC 2025
OAuth2 provider creation request completed at Thu Apr 10 06:49:28 UTC 2025
OAuth2 provider update request for alpha realm completed at Thu Apr 10 06:49:28 UTC 2025
IDM integration service update request completed at Thu Apr 10 06:57:14 UTC 2025
CORS Service configuration creation request completed at Thu Apr 10 07:10:43 UTC 2025
CORS Service configuration creation request completed at Thu Apr 10 07:11:26 UTC 2025
CORS Service configuration creation request completed at Thu Apr 10 07:14:37 UTC 2025
CORS Service configuration update request completed at Thu Apr 10 07:14:37 UTC 2025
Request completed at Thu Apr 10 08:59:10 UTC 2025
Request completed at Thu Apr 10 08:59:10 UTC 2025
Request completed at Thu Apr 10 08:59:10 UTC 2025
Request completed at Thu Apr 10 08:59:11 UTC 2025
Request completed at Thu Apr 10 08:59:11 UTC 2025
Request completed at Thu Apr 10 08:59:12 UTC 2025
Request completed at Thu Apr 10 08:59:12 UTC 2025
Request completed at Thu Apr 10 08:59:12 UTC 2025
Request completed at Thu Apr 10 08:59:13 UTC 2025
Request completed at Thu Apr 10 08:59:13 UTC 2025
Request completed at Thu Apr 10 08:59:13 UTC 2025
Request completed at Thu Apr 10 08:59:13 UTC 2025
Request completed at Thu Apr 10 08:59:14 UTC 2025
Request completed at Thu Apr 10 08:59:14 UTC 2025
Request completed at Thu Apr 10 08:59:14 UTC 2025
Request completed at Thu Apr 10 08:59:15 UTC 2025
Request completed at Thu Apr 10 08:59:15 UTC 2025
Request completed at Thu Apr 10 08:59:15 UTC 2025
OAuth2 provider creation request completed at Thu Apr 10 08:59:15 UTC 2025
OAuth2 provider update request completed at Thu Apr 10 08:59:16 UTC 2025
OAuth2 provider creation request completed at Thu Apr 10 08:59:16 UTC 2025
OAuth2 provider update request for alpha realm completed at Thu Apr 10 08:59:16 UTC 2025
IDM integration service update request completed at Thu Apr 10 08:59:16 UTC 2025
Request completed at Thu Apr 10 09:46:09 UTC 2025
Request completed at Thu Apr 10 09:46:09 UTC 2025
Request completed at Thu Apr 10 09:46:09 UTC 2025
Request completed at Thu Apr 10 09:46:10 UTC 2025
Request completed at Thu Apr 10 09:46:10 UTC 2025
Request completed at Thu Apr 10 09:46:11 UTC 2025
Request completed at Thu Apr 10 09:46:11 UTC 2025
Request completed at Thu Apr 10 09:46:11 UTC 2025
Request completed at Thu Apr 10 09:46:11 UTC 2025
Request completed at Thu Apr 10 09:46:12 UTC 2025
Request completed at Thu Apr 10 09:46:12 UTC 2025
Request completed at Thu Apr 10 09:46:12 UTC 2025
Request completed at Thu Apr 10 09:46:12 UTC 2025
Request completed at Thu Apr 10 09:46:13 UTC 2025
OAuth2Client 'end-user-ui' creation request completed at Thu Apr 10 09:46:13 UTC 2025
OAuth2Client 'end-user-ui' creation request completed at Thu Apr 10 09:46:13 UTC 2025
Request completed at Thu Apr 10 09:46:13 UTC 2025
Request completed at Thu Apr 10 09:46:13 UTC 2025
Request completed at Thu Apr 10 09:46:14 UTC 2025
Request completed at Thu Apr 10 09:46:14 UTC 2025
OAuth2 provider creation request completed at Thu Apr 10 09:46:14 UTC 2025
OAuth2 provider update request completed at Thu Apr 10 09:46:14 UTC 2025
OAuth2 provider creation request completed at Thu Apr 10 09:46:15 UTC 2025
OAuth2 provider update request for alpha realm completed at Thu Apr 10 09:46:15 UTC 2025
IDM integration service update request completed at Thu Apr 10 09:46:15 UTC 2025
Request completed at Thu Apr 10 10:07:34 UTC 2025
Request completed at Thu Apr 10 10:07:34 UTC 2025
Request completed at Thu Apr 10 10:07:35 UTC 2025
Request completed at Thu Apr 10 10:07:35 UTC 2025
Request completed at Thu Apr 10 10:07:36 UTC 2025
Request completed at Thu Apr 10 10:07:36 UTC 2025
Request completed at Thu Apr 10 10:07:36 UTC 2025
Request completed at Thu Apr 10 10:07:37 UTC 2025
Request completed at Thu Apr 10 10:07:37 UTC 2025
Request completed at Thu Apr 10 10:07:37 UTC 2025
Request completed at Thu Apr 10 10:07:37 UTC 2025
Request completed at Thu Apr 10 10:07:38 UTC 2025
Request completed at Thu Apr 10 10:07:38 UTC 2025
Request completed at Thu Apr 10 10:07:38 UTC 2025
OAuth2Client 'end-user-ui' creation request completed at Thu Apr 10 10:07:38 UTC 2025
OAuth2Client 'end-user-ui' creation request completed at Thu Apr 10 10:07:39 UTC 2025
Request completed at Thu Apr 10 10:07:39 UTC 2025
Request completed at Thu Apr 10 10:07:39 UTC 2025
Request completed at Thu Apr 10 10:07:39 UTC 2025
Request completed at Thu Apr 10 10:07:40 UTC 2025
OAuth2 provider creation request completed at Thu Apr 10 10:07:40 UTC 2025
OAuth2 provider update request completed at Thu Apr 10 10:07:40 UTC 2025
OAuth2 provider creation request completed at Thu Apr 10 10:07:40 UTC 2025
OAuth2 provider update request for alpha realm completed at Thu Apr 10 10:07:41 UTC 2025
IDM integration service update request completed at Thu Apr 10 10:07:41 UTC 2025
Validation Service creation request for alpha realm completed at Thu Apr 10 10:39:33 UTC 2025
CORS Service configuration creation request completed at Thu Apr 10 10:39:33 UTC 2025
CORS Service configuration update request completed at Thu Apr 10 10:39:33 UTC 2025
Request completed at Thu Apr 10 11:04:19 UTC 2025
Request completed at Thu Apr 10 11:04:20 UTC 2025
Request completed at Thu Apr 10 11:04:20 UTC 2025
Request completed at Thu Apr 10 11:04:21 UTC 2025
Request completed at Thu Apr 10 11:04:21 UTC 2025
Request completed at Thu Apr 10 11:04:22 UTC 2025
Request completed at Thu Apr 10 11:04:22 UTC 2025
Request completed at Thu Apr 10 11:04:23 UTC 2025
Request completed at Thu Apr 10 11:04:24 UTC 2025
Request completed at Thu Apr 10 11:04:24 UTC 2025
Request completed at Thu Apr 10 11:04:24 UTC 2025
Request completed at Thu Apr 10 11:04:26 UTC 2025
Request completed at Thu Apr 10 11:04:27 UTC 2025
Request completed at Thu Apr 10 11:04:27 UTC 2025
OAuth2Client 'end-user-ui' creation request completed at Thu Apr 10 11:04:27 UTC 2025
OAuth2Client 'end-user-ui' creation request completed at Thu Apr 10 11:04:28 UTC 2025
Request completed at Thu Apr 10 11:04:28 UTC 2025
Request completed at Thu Apr 10 11:04:29 UTC 2025
Request completed at Thu Apr 10 11:04:29 UTC 2025
Request completed at Thu Apr 10 11:04:29 UTC 2025
OAuth2 provider creation request completed at Thu Apr 10 11:04:30 UTC 2025
OAuth2 provider update request completed at Thu Apr 10 11:04:31 UTC 2025
OAuth2 provider creation request completed at Thu Apr 10 11:04:31 UTC 2025
OAuth2 provider update request for alpha realm completed at Thu Apr 10 11:04:31 UTC 2025
IDM integration service update request completed at Thu Apr 10 11:04:32 UTC 2025
Validation Service creation request for alpha realm completed at Thu Apr 10 11:04:32 UTC 2025
CORS Service configuration creation request completed at Thu Apr 10 11:04:32 UTC 2025
CORS Service configuration update request completed at Thu Apr 10 11:04:32 UTC 2025
Request completed at Thu Apr 10 11:57:59 UTC 2025
Request completed at Thu Apr 10 11:57:59 UTC 2025
Request completed at Thu Apr 10 11:58:00 UTC 2025
Request completed at Thu Apr 10 11:58:01 UTC 2025
Request completed at Thu Apr 10 11:58:01 UTC 2025
Request completed at Thu Apr 10 11:58:02 UTC 2025
Request completed at Thu Apr 10 11:58:02 UTC 2025
Request completed at Thu Apr 10 11:58:03 UTC 2025
Request completed at Thu Apr 10 11:58:03 UTC 2025
Request completed at Thu Apr 10 11:58:03 UTC 2025
Request completed at Thu Apr 10 11:58:04 UTC 2025
Request completed at Thu Apr 10 11:58:04 UTC 2025
Request completed at Thu Apr 10 11:58:05 UTC 2025
Request completed at Thu Apr 10 11:58:05 UTC 2025
OAuth2Client 'end-user-ui' creation request completed at Thu Apr 10 11:58:06 UTC 2025
OAuth2Client 'end-user-ui' creation request completed at Thu Apr 10 11:58:06 UTC 2025
Request completed at Thu Apr 10 11:58:07 UTC 2025
Request completed at Thu Apr 10 11:58:07 UTC 2025
Request completed at Thu Apr 10 11:58:07 UTC 2025
Request completed at Thu Apr 10 11:58:08 UTC 2025
OAuth2 provider creation request completed at Thu Apr 10 11:58:08 UTC 2025
OAuth2 provider update request completed at Thu Apr 10 11:58:08 UTC 2025
OAuth2 provider creation request completed at Thu Apr 10 11:58:09 UTC 2025
OAuth2 provider update request for alpha realm completed at Thu Apr 10 11:58:09 UTC 2025
IDM integration service update request completed at Thu Apr 10 11:58:10 UTC 2025
Validation Service creation request for alpha realm completed at Thu Apr 10 11:58:10 UTC 2025
CORS Service configuration creation request completed at Thu Apr 10 11:58:10 UTC 2025
CORS Service configuration update request completed at Thu Apr 10 11:58:11 UTC 2025
Request completed at Thu Apr 10 12:29:28 UTC 2025
Request completed at Thu Apr 10 12:29:28 UTC 2025
Request completed at Thu Apr 10 12:29:29 UTC 2025
Request completed at Thu Apr 10 12:29:29 UTC 2025
Request completed at Thu Apr 10 12:29:30 UTC 2025
Request completed at Thu Apr 10 12:29:30 UTC 2025
Request completed at Thu Apr 10 12:29:30 UTC 2025
Request completed at Thu Apr 10 12:29:31 UTC 2025
Request completed at Thu Apr 10 12:29:32 UTC 2025
Request completed at Thu Apr 10 12:29:32 UTC 2025
Request completed at Thu Apr 10 12:29:32 UTC 2025
Request completed at Thu Apr 10 12:29:33 UTC 2025
Request completed at Thu Apr 10 12:29:33 UTC 2025
Request completed at Thu Apr 10 12:29:34 UTC 2025
OAuth2Client 'end-user-ui' creation request completed at Thu Apr 10 12:29:34 UTC 2025
OAuth2Client 'end-user-ui' creation request completed at Thu Apr 10 12:29:34 UTC 2025
Request completed at Thu Apr 10 12:29:35 UTC 2025
Request completed at Thu Apr 10 12:29:35 UTC 2025
Request completed at Thu Apr 10 12:29:36 UTC 2025
Request completed at Thu Apr 10 12:29:36 UTC 2025
OAuth2 provider creation request completed at Thu Apr 10 12:29:36 UTC 2025
OAuth2 provider update request completed at Thu Apr 10 12:29:37 UTC 2025
OAuth2 provider creation request completed at Thu Apr 10 12:29:37 UTC 2025
OAuth2 provider update request for alpha realm completed at Thu Apr 10 12:29:37 UTC 2025
IDM integration service update request completed at Thu Apr 10 12:29:38 UTC 2025
Validation Service creation request for alpha realm completed at Thu Apr 10 12:29:38 UTC 2025
CORS Service configuration creation request completed at Thu Apr 10 12:29:38 UTC 2025
CORS Service configuration update request completed at Thu Apr 10 12:29:39 UTC 2025
Request completed at Thu Apr 10 13:35:53 UTC 2025
Request completed at Thu Apr 10 13:35:53 UTC 2025
Request completed at Thu Apr 10 13:35:55 UTC 2025
Request completed at Thu Apr 10 13:35:56 UTC 2025
Request completed at Thu Apr 10 13:35:56 UTC 2025
Request completed at Thu Apr 10 13:35:57 UTC 2025
Request completed at Thu Apr 10 13:35:57 UTC 2025
Request completed at Thu Apr 10 13:35:58 UTC 2025
Request completed at Thu Apr 10 13:35:58 UTC 2025
Request completed at Thu Apr 10 13:35:58 UTC 2025
Request completed at Thu Apr 10 13:35:59 UTC 2025
Request completed at Thu Apr 10 13:35:59 UTC 2025
Request completed at Thu Apr 10 13:35:59 UTC 2025
Request completed at Thu Apr 10 13:36:00 UTC 2025
OAuth2Client 'end-user-ui' creation request completed at Thu Apr 10 13:36:00 UTC 2025
OAuth2Client 'end-user-ui' creation request completed at Thu Apr 10 13:36:01 UTC 2025
Request completed at Thu Apr 10 13:36:01 UTC 2025
Request completed at Thu Apr 10 13:36:02 UTC 2025
Request completed at Thu Apr 10 13:36:02 UTC 2025
Request completed at Thu Apr 10 13:36:02 UTC 2025
OAuth2 provider creation request completed at Thu Apr 10 13:36:03 UTC 2025
OAuth2 provider update request completed at Thu Apr 10 13:36:03 UTC 2025
OAuth2 provider creation request completed at Thu Apr 10 13:36:03 UTC 2025
OAuth2 provider update request for alpha realm completed at Thu Apr 10 13:36:04 UTC 2025
IDM integration service update request completed at Thu Apr 10 13:36:04 UTC 2025
Validation Service creation request for alpha realm completed at Thu Apr 10 13:36:04 UTC 2025
CORS Service configuration creation request completed at Thu Apr 10 13:36:04 UTC 2025
CORS Service configuration update request completed at Thu Apr 10 13:36:05 UTC 2025
Request completed at Thu Apr 10 15:42:58 UTC 2025
Request completed at Thu Apr 10 15:42:58 UTC 2025
Request completed at Thu Apr 10 15:42:58 UTC 2025
Request completed at Thu Apr 10 15:42:59 UTC 2025
Request completed at Thu Apr 10 15:42:59 UTC 2025
Request completed at Thu Apr 10 15:42:59 UTC 2025
Request completed at Thu Apr 10 15:43:00 UTC 2025
Request completed at Thu Apr 10 15:43:00 UTC 2025
Request completed at Thu Apr 10 15:43:00 UTC 2025
Request completed at Thu Apr 10 15:43:00 UTC 2025
Request completed at Thu Apr 10 15:43:00 UTC 2025
Request completed at Thu Apr 10 15:43:01 UTC 2025
Request completed at Thu Apr 10 15:43:01 UTC 2025
Request completed at Thu Apr 10 15:43:01 UTC 2025
OAuth2Client 'end-user-ui' creation request completed at Thu Apr 10 15:43:01 UTC 2025
OAuth2Client 'end-user-ui' creation request completed at Thu Apr 10 15:43:01 UTC 2025
Request completed at Thu Apr 10 15:43:02 UTC 2025
Request completed at Thu Apr 10 15:43:02 UTC 2025
Request completed at Thu Apr 10 15:43:02 UTC 2025
Request completed at Thu Apr 10 15:43:02 UTC 2025
OAuth2 provider creation request completed at Thu Apr 10 15:43:03 UTC 2025
OAuth2 provider update request completed at Thu Apr 10 15:43:03 UTC 2025
OAuth2 provider creation request completed at Thu Apr 10 15:43:03 UTC 2025
OAuth2 provider update request for alpha realm completed at Thu Apr 10 15:43:03 UTC 2025
IDM integration service update request completed at Thu Apr 10 15:43:03 UTC 2025
Validation Service creation request for alpha realm completed at Thu Apr 10 15:43:04 UTC 2025
CORS Service configuration creation request completed at Thu Apr 10 15:43:04 UTC 2025
CORS Service configuration update request completed at Thu Apr 10 15:43:04 UTC 2025
Request completed at Thu Apr 10 16:03:01 UTC 2025
Request completed at Thu Apr 10 16:03:02 UTC 2025
Request completed at Thu Apr 10 16:03:02 UTC 2025
Request completed at Thu Apr 10 16:03:02 UTC 2025
Request completed at Thu Apr 10 16:03:02 UTC 2025
Request completed at Thu Apr 10 16:03:03 UTC 2025
Request completed at Thu Apr 10 16:03:03 UTC 2025
Request completed at Thu Apr 10 16:03:03 UTC 2025
Request completed at Thu Apr 10 16:03:03 UTC 2025
Request completed at Thu Apr 10 16:03:04 UTC 2025
Request completed at Thu Apr 10 16:03:04 UTC 2025
Request completed at Thu Apr 10 16:03:04 UTC 2025
Request completed at Thu Apr 10 16:03:04 UTC 2025
Request completed at Thu Apr 10 16:03:04 UTC 2025
OAuth2Client 'end-user-ui' creation request completed at Thu Apr 10 16:03:05 UTC 2025
OAuth2Client 'end-user-ui' creation request completed at Thu Apr 10 16:03:05 UTC 2025
Request completed at Thu Apr 10 16:03:05 UTC 2025
Request completed at Thu Apr 10 16:03:05 UTC 2025
Request completed at Thu Apr 10 16:03:05 UTC 2025
Request completed at Thu Apr 10 16:03:05 UTC 2025
OAuth2 provider creation request completed at Thu Apr 10 16:03:06 UTC 2025
OAuth2 provider update request completed at Thu Apr 10 16:03:06 UTC 2025
OAuth2 provider creation request completed at Thu Apr 10 16:03:06 UTC 2025
OAuth2 provider update request for alpha realm completed at Thu Apr 10 16:03:06 UTC 2025
IDM integration service update request completed at Thu Apr 10 16:03:06 UTC 2025
Validation Service creation request for alpha realm completed at Thu Apr 10 16:03:07 UTC 2025
CORS Service configuration creation request completed at Thu Apr 10 16:03:07 UTC 2025
CORS Service configuration update request completed at Thu Apr 10 16:03:07 UTC 2025
Base URL Source service configuration request completed at Fri Apr 11 02:04:40 UTC 2025
Base URL Source service configuration request completed at Fri Apr 11 02:06:00 UTC 2025
Base URL Source service creation request completed at Fri Apr 11 02:08:39 UTC 2025
Base URL Source service configuration request completed at Fri Apr 11 02:08:39 UTC 2025
Base URL Source service creation request completed at Fri Apr 11 02:13:17 UTC 2025
Base URL Source service configuration request completed at Fri Apr 11 02:13:17 UTC 2025
Base URL Source service creation request completed at Fri Apr 11 02:13:17 UTC 2025
Base URL Source service configuration request completed at Fri Apr 11 02:13:17 UTC 2025
Authentication configuration update request completed at Fri Apr 11 02:32:52 UTC 2025
Request completed at Fri Apr 11 03:30:34 UTC 2025
Request completed at Fri Apr 11 03:30:34 UTC 2025
Request completed at Fri Apr 11 03:30:35 UTC 2025
Request completed at Fri Apr 11 03:30:35 UTC 2025
Request completed at Fri Apr 11 03:30:36 UTC 2025
Request completed at Fri Apr 11 03:30:36 UTC 2025
Request completed at Fri Apr 11 03:30:36 UTC 2025
Request completed at Fri Apr 11 03:30:36 UTC 2025
Request completed at Fri Apr 11 03:30:37 UTC 2025
Request completed at Fri Apr 11 03:30:37 UTC 2025
Request completed at Fri Apr 11 03:30:37 UTC 2025
Request completed at Fri Apr 11 03:30:38 UTC 2025
Request completed at Fri Apr 11 03:30:38 UTC 2025
Request completed at Fri Apr 11 03:30:38 UTC 2025
OAuth2Client 'end-user-ui' creation request completed at Fri Apr 11 03:30:38 UTC 2025
OAuth2Client 'end-user-ui' creation request completed at Fri Apr 11 03:30:38 UTC 2025
Request completed at Fri Apr 11 03:30:38 UTC 2025
Request completed at Fri Apr 11 03:30:39 UTC 2025
Request completed at Fri Apr 11 03:30:39 UTC 2025
Request completed at Fri Apr 11 03:30:39 UTC 2025
OAuth2 provider creation request completed at Fri Apr 11 03:30:39 UTC 2025
OAuth2 provider update request completed at Fri Apr 11 03:30:40 UTC 2025
OAuth2 provider creation request completed at Fri Apr 11 03:30:40 UTC 2025
OAuth2 provider update request for alpha realm completed at Fri Apr 11 03:30:40 UTC 2025
IDM integration service update request completed at Fri Apr 11 03:30:40 UTC 2025
Validation Service creation request for alpha realm completed at Fri Apr 11 03:30:41 UTC 2025
CORS Service configuration creation request completed at Fri Apr 11 03:30:41 UTC 2025
CORS Service configuration update request completed at Fri Apr 11 03:30:41 UTC 2025
Authentication configuration update request completed at Fri Apr 11 03:42:52 UTC 2025
Validation Service creation request completed at Fri Apr 11 03:42:52 UTC 2025
Base URL Source service creation request completed at Fri Apr 11 03:42:53 UTC 2025
Base URL Source service configuration request completed at Fri Apr 11 03:42:53 UTC 2025
Base URL Source service creation request completed at Fri Apr 11 03:42:53 UTC 2025
Base URL Source service configuration request completed at Fri Apr 11 03:42:53 UTC 2025
Authentication configuration update request completed at Fri Apr 11 03:42:54 UTC 2025
Request completed at Fri Apr 11 04:09:46 UTC 2025
Request completed at Fri Apr 11 04:09:46 UTC 2025
Request completed at Fri Apr 11 04:09:47 UTC 2025
Request completed at Fri Apr 11 04:09:47 UTC 2025
Request completed at Fri Apr 11 04:09:47 UTC 2025
Request completed at Fri Apr 11 04:09:47 UTC 2025
Request completed at Fri Apr 11 04:09:48 UTC 2025
Request completed at Fri Apr 11 04:09:48 UTC 2025
Request completed at Fri Apr 11 04:09:48 UTC 2025
Request completed at Fri Apr 11 04:09:48 UTC 2025
Request completed at Fri Apr 11 04:09:49 UTC 2025
Request completed at Fri Apr 11 04:09:49 UTC 2025
Request completed at Fri Apr 11 04:09:49 UTC 2025
Request completed at Fri Apr 11 04:09:49 UTC 2025
OAuth2Client 'end-user-ui' creation request completed at Fri Apr 11 04:09:49 UTC 2025
OAuth2Client 'end-user-ui' creation request completed at Fri Apr 11 04:09:49 UTC 2025
Request completed at Fri Apr 11 04:09:50 UTC 2025
Request completed at Fri Apr 11 04:09:50 UTC 2025
Request completed at Fri Apr 11 04:09:50 UTC 2025
Request completed at Fri Apr 11 04:09:50 UTC 2025
OAuth2 provider creation request completed at Fri Apr 11 04:09:51 UTC 2025
OAuth2 provider update request completed at Fri Apr 11 04:09:51 UTC 2025
OAuth2 provider creation request completed at Fri Apr 11 04:09:51 UTC 2025
OAuth2 provider update request for alpha realm completed at Fri Apr 11 04:09:51 UTC 2025
IDM integration service update request completed at Fri Apr 11 04:09:52 UTC 2025
Validation Service creation request for alpha realm completed at Fri Apr 11 04:09:52 UTC 2025
CORS Service configuration creation request completed at Fri Apr 11 04:09:52 UTC 2025
CORS Service configuration update request completed at Fri Apr 11 04:09:52 UTC 2025
Authentication configuration update request completed at Fri Apr 11 04:16:11 UTC 2025
Validation Service creation request completed at Fri Apr 11 04:16:12 UTC 2025
Base URL Source service creation request completed at Fri Apr 11 04:16:12 UTC 2025
Base URL Source service configuration request completed at Fri Apr 11 04:16:12 UTC 2025
Base URL Source service creation request completed at Fri Apr 11 04:16:13 UTC 2025
Base URL Source service configuration request completed at Fri Apr 11 04:16:13 UTC 2025
Authentication configuration update request completed at Fri Apr 11 04:16:13 UTC 2025
Request completed at Fri Apr 11 04:55:45 UTC 2025
Request completed at Fri Apr 11 04:55:45 UTC 2025
Request completed at Fri Apr 11 04:55:46 UTC 2025
Request completed at Fri Apr 11 04:55:46 UTC 2025
Request completed at Fri Apr 11 04:55:46 UTC 2025
Request completed at Fri Apr 11 04:55:47 UTC 2025
Request completed at Fri Apr 11 04:55:47 UTC 2025
Request completed at Fri Apr 11 04:55:47 UTC 2025
Request completed at Fri Apr 11 04:55:48 UTC 2025
Request completed at Fri Apr 11 04:55:48 UTC 2025
Request completed at Fri Apr 11 04:55:48 UTC 2025
Request completed at Fri Apr 11 04:55:48 UTC 2025
Request completed at Fri Apr 11 04:55:48 UTC 2025
Request completed at Fri Apr 11 04:55:49 UTC 2025
OAuth2Client 'end-user-ui' creation request completed at Fri Apr 11 04:55:49 UTC 2025
OAuth2Client 'end-user-ui' creation request completed at Fri Apr 11 04:55:49 UTC 2025
Request completed at Fri Apr 11 04:55:49 UTC 2025
Request completed at Fri Apr 11 04:55:49 UTC 2025
Request completed at Fri Apr 11 04:55:49 UTC 2025
Request completed at Fri Apr 11 04:55:50 UTC 2025
OAuth2 provider creation request completed at Fri Apr 11 04:55:50 UTC 2025
OAuth2 provider update request completed at Fri Apr 11 04:55:50 UTC 2025
OAuth2 provider creation request completed at Fri Apr 11 04:55:50 UTC 2025
OAuth2 provider update request for alpha realm completed at Fri Apr 11 04:55:51 UTC 2025
IDM integration service update request completed at Fri Apr 11 04:55:51 UTC 2025
Validation Service creation request for alpha realm completed at Fri Apr 11 04:55:51 UTC 2025
CORS Service configuration creation request completed at Fri Apr 11 04:55:51 UTC 2025
CORS Service configuration update request completed at Fri Apr 11 04:55:51 UTC 2025
Authentication configuration update request completed at Fri Apr 11 05:25:37 UTC 2025
Validation Service creation request completed at Fri Apr 11 05:25:37 UTC 2025
Base URL Source service creation request completed at Fri Apr 11 05:25:37 UTC 2025
Base URL Source service configuration request completed at Fri Apr 11 05:25:38 UTC 2025
Base URL Source service creation request completed at Fri Apr 11 05:25:38 UTC 2025
Base URL Source service configuration request completed at Fri Apr 11 05:25:38 UTC 2025
Authentication configuration update request completed at Fri Apr 11 05:25:38 UTC 2025
Request completed at Fri Apr 11 05:25:38 UTC 2025
Request completed at Fri Apr 11 05:25:38 UTC 2025
Request completed at Fri Apr 11 06:29:19 UTC 2025
Request completed at Fri Apr 11 06:29:19 UTC 2025
Request completed at Fri Apr 11 06:29:19 UTC 2025
Request completed at Fri Apr 11 06:29:20 UTC 2025
Request completed at Fri Apr 11 06:29:20 UTC 2025
Request completed at Fri Apr 11 06:29:20 UTC 2025
Request completed at Fri Apr 11 06:29:20 UTC 2025
Request completed at Fri Apr 11 06:29:21 UTC 2025
Request completed at Fri Apr 11 06:29:21 UTC 2025
Request completed at Fri Apr 11 06:29:21 UTC 2025
Request completed at Fri Apr 11 06:29:21 UTC 2025
Request completed at Fri Apr 11 06:29:22 UTC 2025
Request completed at Fri Apr 11 06:29:22 UTC 2025
Request completed at Fri Apr 11 06:29:22 UTC 2025
OAuth2Client 'end-user-ui' creation request completed at Fri Apr 11 06:29:22 UTC 2025
OAuth2Client 'end-user-ui' creation request completed at Fri Apr 11 06:29:22 UTC 2025
Request completed at Fri Apr 11 06:29:23 UTC 2025
Request completed at Fri Apr 11 06:29:23 UTC 2025
Request completed at Fri Apr 11 06:29:23 UTC 2025
Request completed at Fri Apr 11 06:29:23 UTC 2025
OAuth2 provider creation request completed at Fri Apr 11 06:29:24 UTC 2025
OAuth2 provider update request completed at Fri Apr 11 06:29:24 UTC 2025
OAuth2 provider creation request completed at Fri Apr 11 06:29:24 UTC 2025
OAuth2 provider update request for alpha realm completed at Fri Apr 11 06:29:24 UTC 2025
IDM integration service update request completed at Fri Apr 11 06:29:24 UTC 2025
Validation Service creation request for alpha realm completed at Fri Apr 11 06:29:25 UTC 2025
CORS Service configuration creation request completed at Fri Apr 11 06:29:25 UTC 2025
CORS Service configuration update request completed at Fri Apr 11 06:29:25 UTC 2025
Request completed at Fri Apr 11 09:37:41 UTC 2025
Request completed at Fri Apr 11 09:42:46 UTC 2025
Request completed at Fri Apr 11 09:45:07 UTC 2025
Request completed at Fri Apr 11 09:46:29 UTC 2025
Request completed at Fri Apr 11 09:47:03 UTC 2025
Request completed at Fri Apr 11 09:51:53 UTC 2025
Request completed at Fri Apr 11 09:53:22 UTC 2025
Request completed at Fri Apr 11 09:54:38 UTC 2025
Request completed at Fri Apr 11 09:58:41 UTC 2025
Request completed at Fri Apr 11 09:58:42 UTC 2025
Request completed at Fri Apr 11 10:03:54 UTC 2025
Request completed at Fri Apr 11 10:03:55 UTC 2025
Request completed at Fri Apr 11 10:11:13 UTC 2025
Request completed at Fri Apr 11 10:13:46 UTC 2025
Request completed at Fri Apr 11 10:17:52 UTC 2025
Request completed at Fri Apr 11 10:17:52 UTC 2025
Request completed at Fri Apr 11 10:22:38 UTC 2025
Request completed at Fri Apr 11 10:22:39 UTC 2025
OAuth2Client 'end-user-ui' creation request completed at Fri Apr 11 10:27:34 UTC 2025
OAuth2Client 'end-user-ui' creation request completed at Fri Apr 11 10:27:34 UTC 2025
Request completed at Fri Apr 11 10:32:02 UTC 2025
Request completed at Fri Apr 11 10:32:02 UTC 2025
Request completed at Fri Apr 11 10:35:33 UTC 2025
Request completed at Fri Apr 11 10:36:27 UTC 2025
Request completed at Fri Apr 11 10:38:26 UTC 2025
Request completed at Fri Apr 11 10:38:27 UTC 2025
OAuth2 provider creation request completed at Fri Apr 11 10:51:10 UTC 2025
OAuth2 provider creation request completed at Fri Apr 11 10:51:10 UTC 2025
OAuth2 provider update request completed at Fri Apr 11 10:51:11 UTC 2025
OAuth2 provider update request for alpha realm completed at Fri Apr 11 10:51:11 UTC 2025
Validation Service creation request for alpha realm completed at Fri Apr 11 11:05:20 UTC 2025
IDM integration service update request completed at Fri Apr 11 11:05:21 UTC 2025
CORS Service configuration creation request completed at Fri Apr 11 11:05:21 UTC 2025
CORS Service configuration update request completed at Fri Apr 11 11:05:21 UTC 2025
Request completed at Fri Apr 11 12:26:09 UTC 2025
Request completed at Fri Apr 11 12:26:09 UTC 2025
Request completed at Fri Apr 11 12:26:10 UTC 2025
Request completed at Fri Apr 11 12:26:10 UTC 2025
Request completed at Fri Apr 11 12:26:10 UTC 2025
Request completed at Fri Apr 11 12:26:11 UTC 2025
OAuth2Client 'end-user-ui' creation request completed at Fri Apr 11 12:26:11 UTC 2025
Request completed at Fri Apr 11 12:26:11 UTC 2025
Request completed at Fri Apr 11 12:26:11 UTC 2025
OAuth2Client 'end-user-ui' creation request completed at Fri Apr 11 12:26:11 UTC 2025
Request completed at Fri Apr 11 12:26:12 UTC 2025
Request completed at Fri Apr 11 12:26:12 UTC 2025
Request completed at Fri Apr 11 12:26:12 UTC 2025
Request completed at Fri Apr 11 12:26:12 UTC 2025
Request completed at Fri Apr 11 12:26:13 UTC 2025
Request completed at Fri Apr 11 12:26:13 UTC 2025
Request completed at Fri Apr 11 12:26:13 UTC 2025
Request completed at Fri Apr 11 12:26:13 UTC 2025
Request completed at Fri Apr 11 12:26:14 UTC 2025
Request completed at Fri Apr 11 12:26:14 UTC 2025
OAuth2 provider creation request completed at Fri Apr 11 12:26:14 UTC 2025
OAuth2 provider creation request completed at Fri Apr 11 12:26:14 UTC 2025
Validation Service creation request for alpha realm completed at Fri Apr 11 12:26:15 UTC 2025
OAuth2 provider update request completed at Fri Apr 11 12:26:15 UTC 2025
OAuth2 provider update request for alpha realm completed at Fri Apr 11 12:26:15 UTC 2025
IDM integration service update request completed at Fri Apr 11 12:26:15 UTC 2025
CORS Service configuration creation request completed at Fri Apr 11 12:26:15 UTC 2025
CORS Service configuration update request completed at Fri Apr 11 12:26:16 UTC 2025
OAuth2Client end-user-ui update request completed at Fri Apr 11 15:26:59 UTC 2025
OAuth2Client end-user-ui update request completed at Fri Apr 11 15:27:00 UTC 2025
OAuth2Client idm-admin-ui update request completed at Fri Apr 11 15:38:55 UTC 2025
OAuth2Client idm-admin-ui update request completed at Fri Apr 11 15:38:55 UTC 2025
Authentication configuration update request completed at Fri Apr 11 16:11:45 UTC 2025
Base URL Source service creation request completed at Fri Apr 11 16:11:46 UTC 2025
Base URL Source service configuration request completed at Fri Apr 11 16:11:46 UTC 2025
Base URL Source service configuration request completed at Fri Apr 11 16:11:46 UTC 2025
CORS Service configuration update request completed at Fri Apr 11 16:11:47 UTC 2025
Request completed at Fri Apr 11 16:56:31 UTC 2025
Request completed at Fri Apr 11 16:56:32 UTC 2025
Request completed at Fri Apr 11 16:56:33 UTC 2025
Request completed at Fri Apr 11 16:56:34 UTC 2025
Request completed at Fri Apr 11 16:56:35 UTC 2025
Request completed at Fri Apr 11 16:56:35 UTC 2025
OAuth2Client 'end-user-ui' creation request completed at Fri Apr 11 16:56:36 UTC 2025
Request completed at Fri Apr 11 16:56:37 UTC 2025
Request completed at Fri Apr 11 16:56:38 UTC 2025
OAuth2Client 'end-user-ui' creation request completed at Fri Apr 11 16:56:39 UTC 2025
Request completed at Fri Apr 11 16:56:39 UTC 2025
Request completed at Fri Apr 11 16:56:41 UTC 2025
Request completed at Fri Apr 11 16:56:42 UTC 2025
Request completed at Fri Apr 11 16:56:43 UTC 2025
Request completed at Fri Apr 11 16:56:45 UTC 2025
Request completed at Fri Apr 11 16:56:45 UTC 2025
Request completed at Fri Apr 11 16:56:46 UTC 2025
Request completed at Fri Apr 11 16:56:47 UTC 2025
Request completed at Fri Apr 11 16:56:49 UTC 2025
Request completed at Fri Apr 11 16:56:50 UTC 2025
OAuth2 provider creation request completed at Fri Apr 11 16:56:52 UTC 2025
OAuth2 provider creation request completed at Fri Apr 11 16:56:53 UTC 2025
Validation Service creation request for alpha realm completed at Fri Apr 11 16:56:54 UTC 2025
OAuth2 provider update request completed at Fri Apr 11 16:56:55 UTC 2025
OAuth2 provider update request for alpha realm completed at Fri Apr 11 16:56:56 UTC 2025
IDM integration service update request completed at Fri Apr 11 16:56:58 UTC 2025
CORS Service configuration creation request completed at Fri Apr 11 16:56:58 UTC 2025
CORS Service configuration update request completed at Fri Apr 11 16:57:01 UTC 2025
OAuth2Client end-user-ui update request completed at Fri Apr 11 16:59:11 UTC 2025
OAuth2Client end-user-ui update request completed at Fri Apr 11 16:59:12 UTC 2025
OAuth2Client idm-admin-ui update request completed at Fri Apr 11 16:59:12 UTC 2025
OAuth2Client idm-admin-ui update request completed at Fri Apr 11 16:59:13 UTC 2025
Authentication configuration update request completed at Fri Apr 11 16:59:17 UTC 2025
Base URL Source service creation request completed at Fri Apr 11 16:59:18 UTC 2025
Base URL Source service configuration request completed at Fri Apr 11 16:59:20 UTC 2025
Base URL Source service configuration request completed at Fri Apr 11 16:59:20 UTC 2025
Request completed at Fri Apr 11 17:19:37 UTC 2025
Request completed at Fri Apr 11 17:19:38 UTC 2025
Request completed at Fri Apr 11 17:19:38 UTC 2025
Request completed at Fri Apr 11 17:19:40 UTC 2025
Request completed at Fri Apr 11 17:19:41 UTC 2025
Request completed at Fri Apr 11 17:19:42 UTC 2025
OAuth2Client 'end-user-ui' creation request completed at Fri Apr 11 17:19:43 UTC 2025
Request completed at Fri Apr 11 17:19:44 UTC 2025
Request completed at Fri Apr 11 17:19:44 UTC 2025
OAuth2Client 'end-user-ui' creation request completed at Fri Apr 11 17:19:45 UTC 2025
Request completed at Fri Apr 11 17:19:46 UTC 2025
Request completed at Fri Apr 11 17:19:48 UTC 2025
Request completed at Fri Apr 11 17:19:49 UTC 2025
Request completed at Fri Apr 11 17:19:51 UTC 2025
Request completed at Fri Apr 11 17:19:53 UTC 2025
Request completed at Fri Apr 11 17:19:53 UTC 2025
Request completed at Fri Apr 11 17:19:54 UTC 2025
Request completed at Fri Apr 11 17:19:55 UTC 2025
Request completed at Fri Apr 11 17:19:56 UTC 2025
Request completed at Fri Apr 11 17:19:57 UTC 2025
OAuth2 provider creation request completed at Fri Apr 11 17:19:59 UTC 2025
OAuth2 provider creation request completed at Fri Apr 11 17:20:00 UTC 2025
Validation Service creation request for alpha realm completed at Fri Apr 11 17:20:01 UTC 2025
OAuth2 provider update request completed at Fri Apr 11 17:20:02 UTC 2025
OAuth2 provider update request for alpha realm completed at Fri Apr 11 17:20:03 UTC 2025
IDM integration service update request completed at Fri Apr 11 17:20:05 UTC 2025
CORS Service configuration creation request completed at Fri Apr 11 17:20:07 UTC 2025
CORS Service configuration update request completed at Fri Apr 11 17:20:08 UTC 2025
OAuth2Client end-user-ui update request completed at Fri Apr 11 17:21:33 UTC 2025
OAuth2Client end-user-ui update request completed at Fri Apr 11 17:21:34 UTC 2025
OAuth2Client idm-admin-ui update request completed at Fri Apr 11 17:21:34 UTC 2025
OAuth2Client idm-admin-ui update request completed at Fri Apr 11 17:21:35 UTC 2025
Authentication configuration update request completed at Fri Apr 11 17:21:36 UTC 2025
Base URL Source service creation request completed at Fri Apr 11 17:21:37 UTC 2025
Base URL Source service configuration request completed at Fri Apr 11 17:21:37 UTC 2025
Base URL Source service configuration request completed at Fri Apr 11 17:21:38 UTC 2025
